生成启动时间为 2016/11/8 15:38:18。
     1>项目“E:\Courses\masterFirst\graphics\HomeWork\Framework\Framework\Framework.vcxproj”在节点 2 上(Build 个目标)。
     1>ClCompile:
         D:\VS\VC\bin\CL.exe /c /ZI /nologo /W3 /WX- /Od /Oy- /D _MBCS /Gm /EHsc /RTC1 /MDd /GS /fp:precise /Zc:wchar_t /Zc:forScope /Fo"Debug\\" /Fd"Debug\vc110.pdb" /Gd /TP /analyze- /errorReport:prompt main.cpp
         main.cpp
     1>e:\courses\masterfirst\graphics\homework\framework\framework\main.cpp(209): warning C4244: “初始化”: 从“double”转换到“GLfloat”，可能丢失数据
     1>e:\courses\masterfirst\graphics\homework\framework\framework\main.cpp(125): warning C4101: “EBO”: 未引用的局部变量
     1>e:\courses\masterfirst\graphics\homework\framework\framework\main.cpp(321): warning C4244: “=”: 从“double”转换到“GLfloat”，可能丢失数据
     1>e:\courses\masterfirst\graphics\homework\framework\framework\main.cpp(322): warning C4244: “=”: 从“double”转换到“GLfloat”，可能丢失数据
     1>e:\courses\masterfirst\graphics\homework\framework\framework\main.cpp(326): warning C4244: “初始化”: 从“double”转换到“GLfloat”，可能丢失数据
     1>e:\courses\masterfirst\graphics\homework\framework\framework\main.cpp(327): warning C4244: “初始化”: 从“double”转换到“GLfloat”，可能丢失数据
     1>e:\courses\masterfirst\graphics\homework\framework\framework\main.cpp(329): warning C4244: “=”: 从“double”转换到“GLfloat”，可能丢失数据
     1>e:\courses\masterfirst\graphics\homework\framework\framework\main.cpp(330): warning C4244: “=”: 从“double”转换到“GLfloat”，可能丢失数据
     1>e:\courses\masterfirst\graphics\homework\framework\framework\main.cpp(338): warning C4244: “参数”: 从“double”转换到“GLfloat”，可能丢失数据
       Link:
         D:\VS\VC\bin\link.exe /ERRORREPORT:PROMPT /OUT:"E:\Courses\masterFirst\graphics\HomeWork\Framework\Debug\Framework.exe" /INCREMENTAL /NOLOGO glfw3.lib opengl32.lib glew32s.lib SOIL.lib kernel32.lib user32.lib gdi32.lib winspool.lib comdlg32.lib advapi32.lib shell32.lib ole32.lib oleaut32.lib uuid.lib odbc32.lib odbccp32.lib /MANIFEST /MANIFESTUAC:"level='asInvoker' uiAccess='false'" /manifest:embed /DEBUG /PDB:"E:\Courses\masterFirst\graphics\HomeWork\Framework\Debug\Framework.pdb" /TLBID:1 /DYNAMICBASE /NXCOMPAT /IMPLIB:"E:\Courses\masterFirst\graphics\HomeWork\Framework\Debug\Framework.lib" /MACHINE:X86 Debug\main.obj
         Framework.vcxproj -> E:\Courses\masterFirst\graphics\HomeWork\Framework\Debug\Framework.exe
     1>已完成生成项目“E:\Courses\masterFirst\graphics\HomeWork\Framework\Framework\Framework.vcxproj”(Build 个目标)的操作。

生成成功。

已用时间 00:00:02.77
