E:\COURSES\MASTERFIRST\GRAPHICS\HOMEWORK\FRAMEWORK\FRAMEWORK\DEBUG\MAIN.OBJ
E:\COURSES\MASTERFIRST\GRAPHICS\HOMEWORK\FRAMEWORK\FRAMEWORK\DEBUG\VC110.PDB
E:\COURSES\MASTERFIRST\GRAPHICS\HOMEWORK\FRAMEWORK\DEBUG\FRAMEWORK.ILK
E:\COURSES\MASTERFIRST\GRAPHICS\HOMEWORK\FRAMEWORK\DEBUG\FRAMEWORK.EXE
E:\COURSES\MASTERFIRST\GRAPHICS\HOMEWORK\FRAMEWORK\DEBUG\FRAMEWORK.PDB
E:\Courses\masterFirst\graphics\HomeWork\Framework\Framework\Debug\main.obj
E:\Courses\masterFirst\graphics\HomeWork\Framework\Framework\Debug\cl.command.1.tlog
E:\Courses\masterFirst\graphics\HomeWork\Framework\Framework\Debug\CL.read.1.tlog
E:\Courses\masterFirst\graphics\HomeWork\Framework\Framework\Debug\CL.write.1.tlog
E:\Courses\masterFirst\graphics\HomeWork\Framework\Framework\Debug\link-cvtres.read.1.tlog
E:\Courses\masterFirst\graphics\HomeWork\Framework\Framework\Debug\link-cvtres.write.1.tlog
E:\Courses\masterFirst\graphics\HomeWork\Framework\Framework\Debug\link-rc.read.1.tlog
E:\Courses\masterFirst\graphics\HomeWork\Framework\Framework\Debug\link-rc.write.1.tlog
E:\Courses\masterFirst\graphics\HomeWork\Framework\Framework\Debug\link.command.1.tlog
E:\Courses\masterFirst\graphics\HomeWork\Framework\Framework\Debug\link.read.1.tlog
E:\Courses\masterFirst\graphics\HomeWork\Framework\Framework\Debug\link.write.1.tlog
E:\Courses\masterFirst\graphics\HomeWork\Framework\Framework\Debug\vc110.idb
E:\Courses\masterFirst\graphics\HomeWork\Framework\Framework\Debug\vc110.pdb
E:\Courses\masterFirst\graphics\HomeWork\Framework\Debug\Framework.pdb
E:\Courses\masterFirst\graphics\HomeWork\Framework\Debug\Framework.exe
E:\Courses\masterFirst\graphics\HomeWork\Framework\Debug\Framework.ilk
